#
# There is insufficient memory for the Java Runtime Environment to continue.
# Native memory allocation (mmap) failed to map 266338304 bytes for G1 virtual space
# Possible reasons:
#   The system is out of physical RAM or swap space
#   The process is running with CompressedOops enabled, and the Java Heap may be blocking the growth of the native heap
# Possible solutions:
#   Reduce memory load on the system
#   Increase physical memory or swap space
#   Check if swap backing store is full
#   Decrease Java heap size (-Xmx/-Xms)
#   Decrease number of Java threads
#   Decrease Java thread stack sizes (-Xss)
#   Set larger code cache with -XX:ReservedCodeCacheSize=
#   JVM is running with Zero Based Compressed Oops mode in which the Java heap is
#     placed in the first 32GB address space. The Java Heap base address is the
#     maximum limit for the native heap growth. Please use -XX:HeapBaseMinAddress
#     to set the Java Heap base and to place the Java Heap above 32GB virtual address.
# This output file may be truncated or incomplete.
#
#  Out of Memory Error (os_windows.cpp:3769), pid=26056, tid=12912
#
# JRE version:  (17.0.6+10) (build )
# Java VM: OpenJDK 64-Bit Server VM (17.0.6+10-b829.9, mixed mode, sharing, tiered, compressed oops, compressed class ptrs, g1 gc, windows-amd64)
# No core dump will be written. Minidumps are not enabled by default on client versions of Windows
#

---------------  S U M M A R Y ------------

Command Line: git4idea.http.GitAskPassApp Username for 'https://github.com': 

Host: Intel(R) Core(TM) i5-8250U CPU @ 1.60GHz, 8 cores, 15G,  Windows 10 , 64 bit Build 17763 (10.0.17763.2028)
Time: Tue Aug 29 23:59:11 2023 Финляндия (лето) elapsed time: 0.058517 seconds (0d 0h 0m 0s)

---------------  T H R E A D  ---------------

Current thread (0x00000237aeadaa30):  JavaThread "Unknown thread" [_thread_in_vm, id=12912, stack(0x00000088b7300000,0x00000088b7400000)]

Stack: [0x00000088b7300000,0x00000088b7400000]
Native frames: (J=compiled Java code, j=interpreted, Vv=VM code, C=native code)
V  [jvm.dll+0x683c5a]
V  [jvm.dll+0x842764]
V  [jvm.dll+0x843f5e]
V  [jvm.dll+0x8445c3]
V  [jvm.dll+0x249b75]
V  [jvm.dll+0x680b29]
V  [jvm.dll+0x67501a]
V  [jvm.dll+0x309acb]
V  [jvm.dll+0x310f86]
V  [jvm.dll+0x3608ee]
V  [jvm.dll+0x360b1f]
V  [jvm.dll+0x2dfbf8]
V  [jvm.dll+0x2e0b64]
V  [jvm.dll+0x814051]
V  [jvm.dll+0x36e6a1]
V  [jvm.dll+0x7f358c]
V  [jvm.dll+0x3f0e8f]
V  [jvm.dll+0x3f29d1]
C  [jli.dll+0x526b]
C  [ucrtbase.dll+0x2268a]
C  [KERNEL32.DLL+0x17974]
C  [ntdll.dll+0x5a2f1]


---------------  P R O C E S S  ---------------

Threads class SMR info:
_java_thread_list=0x00007ffca130c058, length=0, elements={
}

Java Threads: ( => current thread )

Other Threads:
  0x00000237aeb44e40 GCTaskThread "GC Thread#0" [stack: 0x00000088b7400000,0x00000088b7500000] [id=216]
  0x00000237aeb4ec70 ConcurrentGCThread "G1 Main Marker" [stack: 0x00000088b7500000,0x00000088b7600000] [id=25252]
  0x00000237cabf86e0 ConcurrentGCThread "G1 Conc#0" [stack: 0x00000088b7600000,0x00000088b7700000] [id=29308]

[error occurred during error reporting (printing all threads), id 0xc0000005, EXCEPTION_ACCESS_VIOLATION (0xc0000005) at pc=0x00007ffca0ac0797]

VM state: not at safepoint (not fully initialized)

VM Mutex/Monitor currently owned by a thread:  ([mutex/lock_event])
[0x00000237aead5480] Heap_lock - owner thread: 0x00000237aeadaa30

Heap address: 0x0000000702000000, size: 4064 MB, Compressed Oops mode: Zero based, Oop shift amount: 3

CDS archive(s) mapped at: [0x0000000000000000-0x0000000000000000-0x0000000000000000), size 0, SharedBaseAddress: 0x0000000800000000, ArchiveRelocationMode: 0.
Narrow klass base: 0x0000000000000000, Narrow klass shift: 0, Narrow klass range: 0x0

GC Precious Log:
<Empty>

Heap:
 garbage-first heap   total 0K, used 0K [0x0000000702000000, 0x0000000800000000)
  region size 2048K, 0 young (0K), 0 survivors (0K)

[error occurred during error reporting (printing heap information), id 0xc0000005, EXCEPTION_ACCESS_VIOLATION (0xc0000005) at pc=0x00007ffca0eada49]

GC Heap History (0 events):
No events

Dll operation events (1 events):
Event: 0.005 Loaded shared library C:\Program Files\JetBrains\WebStorm 2023.1.1\jbr\bin\java.dll

Deoptimization events (0 events):
No events

Classes unloaded (0 events):
No events

Classes redefined (0 events):
No events

Internal exceptions (0 events):
No events

VM Operations (0 events):
No events

Events (0 events):
No events


Dynamic libraries:
0x00007ff6697e0000 - 0x00007ff6697ea000 	C:\Program Files\JetBrains\WebStorm 2023.1.1\jbr\bin\java.exe
0x00007ffcf5e10000 - 0x00007ffcf5ffd000 	C:\Windows\SYSTEM32\ntdll.dll
0x00007ffcf37b0000 - 0x00007ffcf3863000 	C:\Windows\System32\KERNEL32.DLL
0x00007ffcf21d0000 - 0x00007ffcf2465000 	C:\Windows\System32\KERNELBASE.dll
0x00007ffcf0020000 - 0x00007ffcf00ac000 	C:\Windows\SYSTEM32\apphelp.dll
0x00007ffcf2ec0000 - 0x00007ffcf2fba000 	C:\Windows\System32\ucrtbase.dll
0x00007ffcd3190000 - 0x00007ffcd31a7000 	C:\Program Files\JetBrains\WebStorm 2023.1.1\jbr\bin\jli.dll
0x00007ffcd39d0000 - 0x00007ffcd39eb000 	C:\Program Files\JetBrains\WebStorm 2023.1.1\jbr\bin\VCRUNTIME140.dll
0x00007ffcf35b0000 - 0x00007ffcf3748000 	C:\Windows\System32\USER32.dll
0x00007ffcf2110000 - 0x00007ffcf2130000 	C:\Windows\System32\win32u.dll
0x00007ffcf5040000 - 0x00007ffcf5069000 	C:\Windows\System32\GDI32.dll
0x00007ffcf2c70000 - 0x00007ffcf2e0c000 	C:\Windows\System32\gdi32full.dll
0x00007ffcf2130000 - 0x00007ffcf21d0000 	C:\Windows\System32\msvcp_win.dll
0x00007ffcdc640000 - 0x00007ffcdc8b9000 	C:\Windows\WinSxS\amd64_microsoft.windows.common-controls_6595b64144ccf1df_6.0.17763.2061_none_de73cf545348ec45\COMCTL32.dll
0x00007ffcf3910000 - 0x00007ffcf39ae000 	C:\Windows\System32\msvcrt.dll
0x00007ffcf5ae0000 - 0x00007ffcf5e0d000 	C:\Windows\System32\combase.dll
0x00007ffcf30d0000 - 0x00007ffcf31ef000 	C:\Windows\System32\RPCRT4.dll
0x00007ffcf2470000 - 0x00007ffcf24f2000 	C:\Windows\System32\bcryptPrimitives.dll
0x00007ffcf3580000 - 0x00007ffcf35ae000 	C:\Windows\System32\IMM32.DLL
0x000000005da50000 - 0x000000005da5c000 	C:\Program Files (x86)\360\Total Security\safemon\SafeWrapper.dll
0x00007ffcf3360000 - 0x00007ffcf3404000 	C:\Windows\System32\ADVAPI32.dll
0x00007ffcf5800000 - 0x00007ffcf589e000 	C:\Windows\System32\sechost.dll
0x00007ffc9da70000 - 0x00007ffc9db02000 	C:\Program Files (x86)\360\Total Security\safemon\libzdtp64.dll
0x00007ffcf3ae0000 - 0x00007ffcf4fd9000 	C:\Windows\System32\SHELL32.dll
0x00007ffcf3020000 - 0x00007ffcf306a000 	C:\Windows\System32\cfgmgr32.dll
0x00007ffcf3a20000 - 0x00007ffcf3ac8000 	C:\Windows\System32\shcore.dll
0x00007ffcf2520000 - 0x00007ffcf2c6b000 	C:\Windows\System32\windows.storage.dll
0x00007ffcf1ec0000 - 0x00007ffcf1ee4000 	C:\Windows\System32\profapi.dll
0x00007ffcf1e20000 - 0x00007ffcf1e7d000 	C:\Windows\System32\powrprof.dll
0x00007ffcf58a0000 - 0x00007ffcf58f2000 	C:\Windows\System32\shlwapi.dll
0x00007ffcf1e80000 - 0x00007ffcf1e91000 	C:\Windows\System32\kernel.appcore.dll
0x00007ffcf2500000 - 0x00007ffcf2517000 	C:\Windows\System32\cryptsp.dll
0x00007ffcf1910000 - 0x00007ffcf191a000 	C:\Windows\SYSTEM32\VERSION.dll
0x00007ffcee680000 - 0x00007ffcee68c000 	C:\Program Files\JetBrains\WebStorm 2023.1.1\jbr\bin\vcruntime140_1.dll
0x00007ffc9d9e0000 - 0x00007ffc9da6d000 	C:\Program Files\JetBrains\WebStorm 2023.1.1\jbr\bin\msvcp140.dll
0x00007ffca07d0000 - 0x00007ffca143e000 	C:\Program Files\JetBrains\WebStorm 2023.1.1\jbr\bin\server\jvm.dll
0x00007ffcd6e60000 - 0x00007ffcd6e69000 	C:\Windows\SYSTEM32\WSOCK32.dll
0x00007ffcf39b0000 - 0x00007ffcf3a1d000 	C:\Windows\System32\WS2_32.dll
0x00007ffcefef0000 - 0x00007ffceff14000 	C:\Windows\SYSTEM32\WINMM.dll
0x00007ffcefe80000 - 0x00007ffcefead000 	C:\Windows\SYSTEM32\winmmbase.dll
0x00007ffcd4cb0000 - 0x00007ffcd4cba000 	C:\Program Files\JetBrains\WebStorm 2023.1.1\jbr\bin\jimage.dll
0x00007ffcddab0000 - 0x00007ffcddc9d000 	C:\Windows\SYSTEM32\DBGHELP.DLL
0x00007ffcd3310000 - 0x00007ffcd333a000 	C:\Windows\SYSTEM32\dbgcore.DLL
0x00007ffcd3160000 - 0x00007ffcd3185000 	C:\Program Files\JetBrains\WebStorm 2023.1.1\jbr\bin\java.dll

dbghelp: loaded successfully - version: 4.0.5 - missing functions: none
symbol engine: initialized successfully - sym options: 0x614 - pdb path: .;C:\Program Files\JetBrains\WebStorm 2023.1.1\jbr\bin;C:\Windows\SYSTEM32;C:\Windows\WinSxS\amd64_microsoft.windows.common-controls_6595b64144ccf1df_6.0.17763.2061_none_de73cf545348ec45;C:\Program Files (x86)\360\Total Security\safemon;C:\Program Files\JetBrains\WebStorm 2023.1.1\jbr\bin\server

VM Arguments:
java_command: git4idea.http.GitAskPassApp Username for 'https://github.com': 
java_class_path (initial): C:/Program Files/JetBrains/WebStorm 2023.1.1/plugins/vcs-git/lib/git4idea-rt.jar;C:/Program Files/JetBrains/WebStorm 2023.1.1/lib/externalProcess-rt.jar
Launcher Type: SUN_STANDARD

[Global flags]
     intx CICompilerCount                          = 4                                         {product} {ergonomic}
     uint ConcGCThreads                            = 2                                         {product} {ergonomic}
     uint G1ConcRefinementThreads                  = 8                                         {product} {ergonomic}
   size_t G1HeapRegionSize                         = 2097152                                   {product} {ergonomic}
    uintx GCDrainStackTargetSize                   = 64                                        {product} {ergonomic}
   size_t InitialHeapSize                          = 266338304                                 {product} {ergonomic}
   size_t MarkStackSize                            = 4194304                                   {product} {ergonomic}
   size_t MaxHeapSize                              = 4261412864                                {product} {ergonomic}
   size_t MinHeapDeltaBytes                        = 2097152                                   {product} {ergonomic}
   size_t MinHeapSize                              = 8388608                                   {product} {ergonomic}
    uintx NonNMethodCodeHeapSize                   = 5839372                                {pd product} {ergonomic}
    uintx NonProfiledCodeHeapSize                  = 122909434                              {pd product} {ergonomic}
    uintx ProfiledCodeHeapSize                     = 122909434                              {pd product} {ergonomic}
    uintx ReservedCodeCacheSize                    = 251658240                              {pd product} {ergonomic}
     bool SegmentedCodeCache                       = true                                      {product} {ergonomic}
   size_t SoftMaxHeapSize                          = 4261412864                             {manageable} {ergonomic}
     bool UseCompressedClassPointers               = true                           {product lp64_product} {ergonomic}
     bool UseCompressedOops                        = true                           {product lp64_product} {ergonomic}
     bool UseG1GC                                  = true                                      {product} {ergonomic}
     bool UseLargePagesIndividualAllocation        = false                                  {pd product} {ergonomic}

Logging:
Log output configuration:
 #0: stdout all=warning uptime,level,tags
 #1: stderr all=off uptime,level,tags

Environment Variables:
PATH=C:/Program Files/Git/mingw64/libexec/git-core;C:/Program Files/Git/mingw64/libexec/git-core;C:\Program Files\Git\mingw64\bin;C:\Program Files\Git\usr\bin;C:\Users\Alina\bin;C:\Windows\system32;C:\Windows;C:\Windows\System32\Wbem;C:\Windows\System32\WindowsPowerShell\v1.0\;C:\Program Files (x86)\NVIDIA Corporation\PhysX\Common;C:\Program Files\NVIDIA Corporation\NVIDIA NvDLISR;C:\Program Files\Git\cmd;C:\Program Files\nodejs\;C:\Users\Alina\AppData\Local\Microsoft\WindowsApps;C:\Users\Alina\AppData\Local\Programs\Microsoft VS Code\bin;C:\Program Files\nodejs;C:\Users\Alina\AppData\Roaming\npm
USERNAME=Alina
DISPLAY=:0.0
LC_ALL=en_US.UTF-8
TERM=xterm-256color
TMPDIR=C:\Temp
OS=Windows_NT
PROCESSOR_IDENTIFIER=Intel64 Family 6 Model 142 Stepping 10, GenuineIntel
TMP=C:\Temp
TEMP=C:\Temp


JNI global refs:

[error occurred during error reporting (JNI global references), id 0xc0000005, EXCEPTION_ACCESS_VIOLATION (0xc0000005) at pc=0x00007ffca0887a10]


---------------  S Y S T E M  ---------------

OS:
 Windows 10 , 64 bit Build 17763 (10.0.17763.2028)
OS uptime: 7 days 23:44 hours

CPU: total 8 (initial active 8) (4 cores per cpu, 2 threads per core) family 6 model 142 stepping 10 microcode 0x96, cx8, cmov, fxsr, ht, mmx, 3dnowpref, sse, sse2, sse3, ssse3, sse4.1, sse4.2, popcnt, lzcnt, tsc, tscinvbit, avx, avx2, aes, erms, clmul, bmi1, bmi2, adx, fma, vzeroupper, clflush, clflushopt

Memory: 4k page, system-wide physical 16250M (2119M free)
TotalPageFile size 18298M (AvailPageFile size 235M)
current process WorkingSet (physical memory assigned to process): 12M, peak: 12M
current process commit charge ("private bytes"): 61M, peak: 315M

vm_info: OpenJDK 64-Bit Server VM (17.0.6+10-b829.9) for windows-amd64 JRE (17.0.6+10-b829.9), built on 2023-04-09 by "builduser" with MS VC++ 16.10 / 16.11 (VS2019)

END.
