#
# There is insufficient memory for the Java Runtime Environment to continue.
# Native memory allocation (mmap) failed to map 65536 bytes for Failed to commit metaspace.
# Possible reasons:
#   The system is out of physical RAM or swap space
#   The process is running with CompressedOops enabled, and the Java Heap may be blocking the growth of the native heap
# Possible solutions:
#   Reduce memory load on the system
#   Increase physical memory or swap space
#   Check if swap backing store is full
#   Decrease Java heap size (-Xmx/-Xms)
#   Decrease number of Java threads
#   Decrease Java thread stack sizes (-Xss)
#   Set larger code cache with -XX:ReservedCodeCacheSize=
#   JVM is running with Zero Based Compressed Oops mode in which the Java heap is
#     placed in the first 32GB address space. The Java Heap base address is the
#     maximum limit for the native heap growth. Please use -XX:HeapBaseMinAddress
#     to set the Java Heap base and to place the Java Heap above 32GB virtual address.
# This output file may be truncated or incomplete.
#
#  Out of Memory Error (virtualSpaceNode.cpp:110), pid=32820, tid=8660
#
# JRE version: OpenJDK Runtime Environment JBR-17.0.6+10-829.9-jcef (17.0.6+10) (build 17.0.6+10-b829.9)
# Java VM: OpenJDK 64-Bit Server VM JBR-17.0.6+10-829.9-jcef (17.0.6+10-b829.9, mixed mode, tiered, compressed oops, compressed class ptrs, g1 gc, windows-amd64)
# No core dump will be written. Minidumps are not enabled by default on client versions of Windows
#

---------------  S U M M A R Y ------------

Command Line: git4idea.http.GitAskPassApp Username for 'https://github.com': 

Host: Intel(R) Core(TM) i5-8250U CPU @ 1.60GHz, 8 cores, 15G,  Windows 10 , 64 bit Build 17763 (10.0.17763.2028)
Time: Mon Aug 28 20:34:03 2023 Финляндия (лето) elapsed time: 1.665168 seconds (0d 0h 0m 1s)

---------------  T H R E A D  ---------------

Current thread (0x0000020d02369ec0):  JavaThread "C1 CompilerThread0" daemon [_thread_in_vm, id=8660, stack(0x0000004c6a700000,0x0000004c6a800000)]


Current CompileTask:
C1:   1665  953       3       sun.security.ec.point.ProjectivePoint$Mutable::conditionalSet (29 bytes)

Stack: [0x0000004c6a700000,0x0000004c6a800000]
Native frames: (J=compiled Java code, j=interpreted, Vv=VM code, C=native code)
V  [jvm.dll+0x683c5a]
V  [jvm.dll+0x842764]
V  [jvm.dll+0x843f5e]
V  [jvm.dll+0x8445c3]
V  [jvm.dll+0x249b75]
V  [jvm.dll+0x83e7bb]
V  [jvm.dll+0x628006]
V  [jvm.dll+0x1c194e]
V  [jvm.dll+0x62a941]
V  [jvm.dll+0x6289a6]
V  [jvm.dll+0x639bfa]
V  [jvm.dll+0x632a0a]
V  [jvm.dll+0x1cdb00]
V  [jvm.dll+0x1cdcf0]
V  [jvm.dll+0x147f01]
V  [jvm.dll+0x147d45]
V  [jvm.dll+0x13f58e]
V  [jvm.dll+0x141b45]
V  [jvm.dll+0x13fe24]
V  [jvm.dll+0x139d9f]
V  [jvm.dll+0x1499a6]
V  [jvm.dll+0x135490]
V  [jvm.dll+0x1357f0]
V  [jvm.dll+0x135ab6]
V  [jvm.dll+0x134f4a]
V  [jvm.dll+0x136c11]
V  [jvm.dll+0x22b098]
V  [jvm.dll+0x229159]
V  [jvm.dll+0x7f81ac]
V  [jvm.dll+0x7f270a]
V  [jvm.dll+0x682a95]
C  [ucrtbase.dll+0x2268a]
C  [KERNEL32.DLL+0x17974]
C  [ntdll.dll+0x5a2f1]


---------------  P R O C E S S  ---------------

Threads class SMR info:
_java_thread_list=0x0000020d0330fbd0, length=15, elements={
0x0000020d615e9be0, 0x0000020d02316670, 0x0000020d023174e0, 0x0000020d022f8100,
0x0000020d0232bfd0, 0x0000020d0232c890, 0x0000020d0232d240, 0x0000020d0232f9a0,
0x0000020d02369ec0, 0x0000020d0236c7d0, 0x0000020d024cd680, 0x0000020d024ddc40,
0x0000020d032af000, 0x0000020d032e9450, 0x0000020d0332a160
}

Java Threads: ( => current thread )
  0x0000020d615e9be0 JavaThread "main" [_thread_blocked, id=33316, stack(0x0000004c69900000,0x0000004c69a00000)]
  0x0000020d02316670 JavaThread "Reference Handler" daemon [_thread_blocked, id=29864, stack(0x0000004c6a000000,0x0000004c6a100000)]
  0x0000020d023174e0 JavaThread "Finalizer" daemon [_thread_blocked, id=30920, stack(0x0000004c6a100000,0x0000004c6a200000)]
  0x0000020d022f8100 JavaThread "Signal Dispatcher" daemon [_thread_blocked, id=25484, stack(0x0000004c6a200000,0x0000004c6a300000)]
  0x0000020d0232bfd0 JavaThread "Attach Listener" daemon [_thread_blocked, id=29924, stack(0x0000004c6a300000,0x0000004c6a400000)]
  0x0000020d0232c890 JavaThread "Service Thread" daemon [_thread_blocked, id=26496, stack(0x0000004c6a400000,0x0000004c6a500000)]
  0x0000020d0232d240 JavaThread "Monitor Deflation Thread" daemon [_thread_blocked, id=33308, stack(0x0000004c6a500000,0x0000004c6a600000)]
  0x0000020d0232f9a0 JavaThread "C2 CompilerThread0" daemon [_thread_blocked, id=30740, stack(0x0000004c6a600000,0x0000004c6a700000)]
=>0x0000020d02369ec0 JavaThread "C1 CompilerThread0" daemon [_thread_in_vm, id=8660, stack(0x0000004c6a700000,0x0000004c6a800000)]
  0x0000020d0236c7d0 JavaThread "Sweeper thread" daemon [_thread_blocked, id=33432, stack(0x0000004c6a800000,0x0000004c6a900000)]
  0x0000020d024cd680 JavaThread "Notification Thread" daemon [_thread_blocked, id=33424, stack(0x0000004c6a900000,0x0000004c6aa00000)]
  0x0000020d024ddc40 JavaThread "Common-Cleaner" daemon [_thread_blocked, id=32604, stack(0x0000004c6ab00000,0x0000004c6ac00000)]
  0x0000020d032af000 JavaThread "HttpClient-1-SelectorManager" daemon [_thread_in_native, id=32256, stack(0x0000004c6ac00000,0x0000004c6ad00000)]
  0x0000020d032e9450 JavaThread "HttpClient-1-Worker-0" daemon [_thread_in_vm, id=22332, stack(0x0000004c6ae00000,0x0000004c6af00000)]
  0x0000020d0332a160 JavaThread "HttpClient-1-Worker-1" daemon [_thread_blocked, id=23744, stack(0x0000004c6af00000,0x0000004c6b000000)]

Other Threads:
  0x0000020d022ea7c0 VMThread "VM Thread" [stack: 0x0000004c69f00000,0x0000004c6a000000] [id=21712] _threads_hazard_ptr=0x0000020d0330fbd0
  0x0000020d7f6ef030 WatcherThread [stack: 0x0000004c6aa00000,0x0000004c6ab00000] [id=21100]
  0x0000020d616547c0 GCTaskThread "GC Thread#0" [stack: 0x0000004c69a00000,0x0000004c69b00000] [id=26096]
  0x0000020d6165e5f0 ConcurrentGCThread "G1 Main Marker" [stack: 0x0000004c69b00000,0x0000004c69c00000] [id=22112]
  0x0000020d7f6e8100 ConcurrentGCThread "G1 Conc#0" [stack: 0x0000004c69c00000,0x0000004c69d00000] [id=31552]
  0x0000020d7f7fc5c0 ConcurrentGCThread "G1 Refine#0" [stack: 0x0000004c69d00000,0x0000004c69e00000] [id=33416]
  0x0000020d7f7fcfe0 ConcurrentGCThread "G1 Service" [stack: 0x0000004c69e00000,0x0000004c69f00000] [id=27844]

Threads with active compile tasks:
C1 CompilerThread0     2243  953       3       sun.security.ec.point.ProjectivePoint$Mutable::conditionalSet (29 bytes)

VM state: synchronizing (normal execution)

VM Mutex/Monitor currently owned by a thread:  ([mutex/lock_event])
[0x0000020d615a7170] Metaspace_lock - owner thread: 0x0000020d02369ec0
[0x0000020d615e5f20] Threads_lock - owner thread: 0x0000020d022ea7c0
[0x0000020d615e57d0] MethodData_lock - owner thread: 0x0000020d02369ec0

Heap address: 0x0000000702000000, size: 4064 MB, Compressed Oops mode: Zero based, Oop shift amount: 3

CDS archive(s) not mapped
Compressed class space mapped at: 0x0000000800000000-0x0000000840000000, reserved size: 1073741824
Narrow klass base: 0x0000000800000000, Narrow klass shift: 0, Narrow klass range: 0x40000000

GC Precious Log:
 CPUs: 8 total, 8 available
 Memory: 16250M
 Large Page Support: Disabled
 NUMA Support: Disabled
 Compressed Oops: Enabled (Zero based)
 Heap Region Size: 2M
 Heap Min Capacity: 8M
 Heap Initial Capacity: 254M
 Heap Max Capacity: 4064M
 Pre-touch: Disabled
 Parallel Workers: 8
 Concurrent Workers: 2
 Concurrent Refinement Workers: 8
 Periodic GC: Disabled

Heap:
 garbage-first heap   total 260096K, used 12288K [0x0000000702000000, 0x0000000800000000)
  region size 2048K, 7 young (14336K), 0 survivors (0K)
 Metaspace       used 15188K, committed 15360K, reserved 1064960K
  class space    used 1575K, committed 1664K, reserved 1048576K

Heap Regions: E=young(eden), S=young(survivor), O=old, HS=humongous(starts), HC=humongous(continues), CS=collection set, F=free, OA=open archive, CA=closed archive, TAMS=top-at-mark-start (previous, next)
|   0|0x0000000702000000, 0x0000000702000000, 0x0000000702200000|  0%| F|  |TAMS 0x0000000702000000, 0x0000000702000000| Untracked 
|   1|0x0000000702200000, 0x0000000702200000, 0x0000000702400000|  0%| F|  |TAMS 0x0000000702200000, 0x0000000702200000| Untracked 
|   2|0x0000000702400000, 0x0000000702400000, 0x0000000702600000|  0%| F|  |TAMS 0x0000000702400000, 0x0000000702400000| Untracked 
|   3|0x0000000702600000, 0x0000000702600000, 0x0000000702800000|  0%| F|  |TAMS 0x0000000702600000, 0x0000000702600000| Untracked 
|   4|0x0000000702800000, 0x0000000702800000, 0x0000000702a00000|  0%| F|  |TAMS 0x0000000702800000, 0x0000000702800000| Untracked 
|   5|0x0000000702a00000, 0x0000000702a00000, 0x0000000702c00000|  0%| F|  |TAMS 0x0000000702a00000, 0x0000000702a00000| Untracked 
|   6|0x0000000702c00000, 0x0000000702c00000, 0x0000000702e00000|  0%| F|  |TAMS 0x0000000702c00000, 0x0000000702c00000| Untracked 
|   7|0x0000000702e00000, 0x0000000702e00000, 0x0000000703000000|  0%| F|  |TAMS 0x0000000702e00000, 0x0000000702e00000| Untracked 
|   8|0x0000000703000000, 0x0000000703000000, 0x0000000703200000|  0%| F|  |TAMS 0x0000000703000000, 0x0000000703000000| Untracked 
|   9|0x0000000703200000, 0x0000000703200000, 0x0000000703400000|  0%| F|  |TAMS 0x0000000703200000, 0x0000000703200000| Untracked 
|  10|0x0000000703400000, 0x0000000703400000, 0x0000000703600000|  0%| F|  |TAMS 0x0000000703400000, 0x0000000703400000| Untracked 
|  11|0x0000000703600000, 0x0000000703600000, 0x0000000703800000|  0%| F|  |TAMS 0x0000000703600000, 0x0000000703600000| Untracked 
|  12|0x0000000703800000, 0x0000000703800000, 0x0000000703a00000|  0%| F|  |TAMS 0x0000000703800000, 0x0000000703800000| Untracked 
|  13|0x0000000703a00000, 0x0000000703a00000, 0x0000000703c00000|  0%| F|  |TAMS 0x0000000703a00000, 0x0000000703a00000| Untracked 
|  14|0x0000000703c00000, 0x0000000703c00000, 0x0000000703e00000|  0%| F|  |TAMS 0x0000000703c00000, 0x0000000703c00000| Untracked 
|  15|0x0000000703e00000, 0x0000000703e00000, 0x0000000704000000|  0%| F|  |TAMS 0x0000000703e00000, 0x0000000703e00000| Untracked 
|  16|0x0000000704000000, 0x0000000704000000, 0x0000000704200000|  0%| F|  |TAMS 0x0000000704000000, 0x0000000704000000| Untracked 
|  17|0x0000000704200000, 0x0000000704200000, 0x0000000704400000|  0%| F|  |TAMS 0x0000000704200000, 0x0000000704200000| Untracked 
|  18|0x0000000704400000, 0x0000000704400000, 0x0000000704600000|  0%| F|  |TAMS 0x0000000704400000, 0x0000000704400000| Untracked 
|  19|0x0000000704600000, 0x0000000704600000, 0x0000000704800000|  0%| F|  |TAMS 0x0000000704600000, 0x0000000704600000| Untracked 
|  20|0x0000000704800000, 0x0000000704800000, 0x0000000704a00000|  0%| F|  |TAMS 0x0000000704800000, 0x0000000704800000| Untracked 
|  21|0x0000000704a00000, 0x0000000704a00000, 0x0000000704c00000|  0%| F|  |TAMS 0x0000000704a00000, 0x0000000704a00000| Untracked 
|  22|0x0000000704c00000, 0x0000000704c00000, 0x0000000704e00000|  0%| F|  |TAMS 0x0000000704c00000, 0x0000000704c00000| Untracked 
|  23|0x0000000704e00000, 0x0000000704e00000, 0x0000000705000000|  0%| F|  |TAMS 0x0000000704e00000, 0x0000000704e00000| Untracked 
|  24|0x0000000705000000, 0x0000000705000000, 0x0000000705200000|  0%| F|  |TAMS 0x0000000705000000, 0x0000000705000000| Untracked 
|  25|0x0000000705200000, 0x0000000705200000, 0x0000000705400000|  0%| F|  |TAMS 0x0000000705200000, 0x0000000705200000| Untracked 
|  26|0x0000000705400000, 0x0000000705400000, 0x0000000705600000|  0%| F|  |TAMS 0x0000000705400000, 0x0000000705400000| Untracked 
|  27|0x0000000705600000, 0x0000000705600000, 0x0000000705800000|  0%| F|  |TAMS 0x0000000705600000, 0x0000000705600000| Untracked 
|  28|0x0000000705800000, 0x0000000705800000, 0x0000000705a00000|  0%| F|  |TAMS 0x0000000705800000, 0x0000000705800000| Untracked 
|  29|0x0000000705a00000, 0x0000000705a00000, 0x0000000705c00000|  0%| F|  |TAMS 0x0000000705a00000, 0x0000000705a00000| Untracked 
|  30|0x0000000705c00000, 0x0000000705c00000, 0x0000000705e00000|  0%| F|  |TAMS 0x0000000705c00000, 0x0000000705c00000| Untracked 
|  31|0x0000000705e00000, 0x0000000705e00000, 0x0000000706000000|  0%| F|  |TAMS 0x0000000705e00000, 0x0000000705e00000| Untracked 
|  32|0x0000000706000000, 0x0000000706000000, 0x0000000706200000|  0%| F|  |TAMS 0x0000000706000000, 0x0000000706000000| Untracked 
|  33|0x0000000706200000, 0x0000000706200000, 0x0000000706400000|  0%| F|  |TAMS 0x0000000706200000, 0x0000000706200000| Untracked 
|  34|0x0000000706400000, 0x0000000706400000, 0x0000000706600000|  0%| F|  |TAMS 0x0000000706400000, 0x0000000706400000| Untracked 
|  35|0x0000000706600000, 0x0000000706600000, 0x0000000706800000|  0%| F|  |TAMS 0x0000000706600000, 0x0000000706600000| Untracked 
|  36|0x0000000706800000, 0x0000000706800000, 0x0000000706a00000|  0%| F|  |TAMS 0x0000000706800000, 0x0000000706800000| Untracked 
|  37|0x0000000706a00000, 0x0000000706a00000, 0x0000000706c00000|  0%| F|  |TAMS 0x0000000706a00000, 0x0000000706a00000| Untracked 
|  38|0x0000000706c00000, 0x0000000706c00000, 0x0000000706e00000|  0%| F|  |TAMS 0x0000000706c00000, 0x0000000706c00000| Untracked 
|  39|0x0000000706e00000, 0x0000000706e00000, 0x0000000707000000|  0%| F|  |TAMS 0x0000000706e00000, 0x0000000706e00000| Untracked 
|  40|0x0000000707000000, 0x0000000707000000, 0x0000000707200000|  0%| F|  |TAMS 0x0000000707000000, 0x0000000707000000| Untracked 
|  41|0x0000000707200000, 0x0000000707200000, 0x0000000707400000|  0%| F|  |TAMS 0x0000000707200000, 0x0000000707200000| Untracked 
|  42|0x0000000707400000, 0x0000000707400000, 0x0000000707600000|  0%| F|  |TAMS 0x0000000707400000, 0x0000000707400000| Untracked 
|  43|0x0000000707600000, 0x0000000707600000, 0x0000000707800000|  0%| F|  |TAMS 0x0000000707600000, 0x0000000707600000| Untracked 
|  44|0x0000000707800000, 0x0000000707800000, 0x0000000707a00000|  0%| F|  |TAMS 0x0000000707800000, 0x0000000707800000| Untracked 
|  45|0x0000000707a00000, 0x0000000707a00000, 0x0000000707c00000|  0%| F|  |TAMS 0x0000000707a00000, 0x0000000707a00000| Untracked 
|  46|0x0000000707c00000, 0x0000000707c00000, 0x0000000707e00000|  0%| F|  |TAMS 0x0000000707c00000, 0x0000000707c00000| Untracked 
|  47|0x0000000707e00000, 0x0000000707e00000, 0x0000000708000000|  0%| F|  |TAMS 0x0000000707e00000, 0x0000000707e00000| Untracked 
|  48|0x0000000708000000, 0x0000000708000000, 0x0000000708200000|  0%| F|  |TAMS 0x0000000708000000, 0x0000000708000000| Untracked 
|  49|0x0000000708200000, 0x0000000708200000, 0x0000000708400000|  0%| F|  |TAMS 0x0000000708200000, 0x0000000708200000| Untracked 
|  50|0x0000000708400000, 0x0000000708400000, 0x0000000708600000|  0%| F|  |TAMS 0x0000000708400000, 0x0000000708400000| Untracked 
|  51|0x0000000708600000, 0x0000000708600000, 0x0000000708800000|  0%| F|  |TAMS 0x0000000708600000, 0x0000000708600000| Untracked 
|  52|0x0000000708800000, 0x0000000708800000, 0x0000000708a00000|  0%| F|  |TAMS 0x0000000708800000, 0x0000000708800000| Untracked 
|  53|0x0000000708a00000, 0x0000000708a00000, 0x0000000708c00000|  0%| F|  |TAMS 0x0000000708a00000, 0x0000000708a00000| Untracked 
|  54|0x0000000708c00000, 0x0000000708c00000, 0x0000000708e00000|  0%| F|  |TAMS 0x0000000708c00000, 0x0000000708c00000| Untracked 
|  55|0x0000000708e00000, 0x0000000708e00000, 0x0000000709000000|  0%| F|  |TAMS 0x0000000708e00000, 0x0000000708e00000| Untracked 
|  56|0x0000000709000000, 0x0000000709000000, 0x0000000709200000|  0%| F|  |TAMS 0x0000000709000000, 0x0000000709000000| Untracked 
|  57|0x0000000709200000, 0x0000000709200000, 0x0000000709400000|  0%| F|  |TAMS 0x0000000709200000, 0x0000000709200000| Untracked 
|  58|0x0000000709400000, 0x0000000709400000, 0x0000000709600000|  0%| F|  |TAMS 0x0000000709400000, 0x0000000709400000| Untracked 
|  59|0x0000000709600000, 0x0000000709600000, 0x0000000709800000|  0%| F|  |TAMS 0x0000000709600000, 0x0000000709600000| Untracked 
|  60|0x0000000709800000, 0x0000000709800000, 0x0000000709a00000|  0%| F|  |TAMS 0x0000000709800000, 0x0000000709800000| Untracked 
|  61|0x0000000709a00000, 0x0000000709a00000, 0x0000000709c00000|  0%| F|  |TAMS 0x0000000709a00000, 0x0000000709a00000| Untracked 
|  62|0x0000000709c00000, 0x0000000709c00000, 0x0000000709e00000|  0%| F|  |TAMS 0x0000000709c00000, 0x0000000709c00000| Untracked 
|  63|0x0000000709e00000, 0x0000000709e00000, 0x000000070a000000|  0%| F|  |TAMS 0x0000000709e00000, 0x0000000709e00000| Untracked 
|  64|0x000000070a000000, 0x000000070a000000, 0x000000070a200000|  0%| F|  |TAMS 0x000000070a000000, 0x000000070a000000| Untracked 
|  65|0x000000070a200000, 0x000000070a200000, 0x000000070a400000|  0%| F|  |TAMS 0x000000070a200000, 0x000000070a200000| Untracked 
|  66|0x000000070a400000, 0x000000070a400000, 0x000000070a600000|  0%| F|  |TAMS 0x000000070a400000, 0x000000070a400000| Untracked 
|  67|0x000000070a600000, 0x000000070a600000, 0x000000070a800000|  0%| F|  |TAMS 0x000000070a600000, 0x000000070a600000| Untracked 
|  68|0x000000070a800000, 0x000000070a800000, 0x000000070aa00000|  0%| F|  |TAMS 0x000000070a800000, 0x000000070a800000| Untracked 
|  69|0x000000070aa00000, 0x000000070aa00000, 0x000000070ac00000|  0%| F|  |TAMS 0x000000070aa00000, 0x000000070aa00000| Untracked 
|  70|0x000000070ac00000, 0x000000070ac00000, 0x000000070ae00000|  0%| F|  |TAMS 0x000000070ac00000, 0x000000070ac00000| Untracked 
|  71|0x000000070ae00000, 0x000000070ae00000, 0x000000070b000000|  0%| F|  |TAMS 0x000000070ae00000, 0x000000070ae00000| Untracked 
|  72|0x000000070b000000, 0x000000070b000000, 0x000000070b200000|  0%| F|  |TAMS 0x000000070b000000, 0x000000070b000000| Untracked 
|  73|0x000000070b200000, 0x000000070b200000, 0x000000070b400000|  0%| F|  |TAMS 0x000000070b200000, 0x000000070b200000| Untracked 
|  74|0x000000070b400000, 0x000000070b400000, 0x000000070b600000|  0%| F|  |TAMS 0x000000070b400000, 0x000000070b400000| Untracked 
|  75|0x000000070b600000, 0x000000070b600000, 0x000000070b800000|  0%| F|  |TAMS 0x000000070b600000, 0x000000070b600000| Untracked 
|  76|0x000000070b800000, 0x000000070b800000, 0x000000070ba00000|  0%| F|  |TAMS 0x000000070b800000, 0x000000070b800000| Untracked 
|  77|0x000000070ba00000, 0x000000070ba00000, 0x000000070bc00000|  0%| F|  |TAMS 0x000000070ba00000, 0x000000070ba00000| Untracked 
|  78|0x000000070bc00000, 0x000000070bc00000, 0x000000070be00000|  0%| F|  |TAMS 0x000000070bc00000, 0x000000070bc00000| Untracked 
|  79|0x000000070be00000, 0x000000070be00000, 0x000000070c000000|  0%| F|  |TAMS 0x000000070be00000, 0x000000070be00000| Untracked 
|  80|0x000000070c000000, 0x000000070c000000, 0x000000070c200000|  0%| F|  |TAMS 0x000000070c000000, 0x000000070c000000| Untracked 
|  81|0x000000070c200000, 0x000000070c200000, 0x000000070c400000|  0%| F|  |TAMS 0x000000070c200000, 0x000000070c200000| Untracked 
|  82|0x000000070c400000, 0x000000070c400000, 0x000000070c600000|  0%| F|  |TAMS 0x000000070c400000, 0x000000070c400000| Untracked 
|  83|0x000000070c600000, 0x000000070c600000, 0x000000070c800000|  0%| F|  |TAMS 0x000000070c600000, 0x000000070c600000| Untracked 
|  84|0x000000070c800000, 0x000000070c800000, 0x000000070ca00000|  0%| F|  |TAMS 0x000000070c800000, 0x000000070c800000| Untracked 
|  85|0x000000070ca00000, 0x000000070ca00000, 0x000000070cc00000|  0%| F|  |TAMS 0x000000070ca00000, 0x000000070ca00000| Untracked 
|  86|0x000000070cc00000, 0x000000070cc00000, 0x000000070ce00000|  0%| F|  |TAMS 0x000000070cc00000, 0x000000070cc00000| Untracked 
|  87|0x000000070ce00000, 0x000000070ce00000, 0x000000070d000000|  0%| F|  |TAMS 0x000000070ce00000, 0x000000070ce00000| Untracked 
|  88|0x000000070d000000, 0x000000070d000000, 0x000000070d200000|  0%| F|  |TAMS 0x000000070d000000, 0x000000070d000000| Untracked 
|  89|0x000000070d200000, 0x000000070d200000, 0x000000070d400000|  0%| F|  |TAMS 0x000000070d200000, 0x000000070d200000| Untracked 
|  90|0x000000070d400000, 0x000000070d400000, 0x000000070d600000|  0%| F|  |TAMS 0x000000070d400000, 0x000000070d400000| Untracked 
|  91|0x000000070d600000, 0x000000070d600000, 0x000000070d800000|  0%| F|  |TAMS 0x000000070d600000, 0x000000070d600000| Untracked 
|  92|0x000000070d800000, 0x000000070d800000, 0x000000070da00000|  0%| F|  |TAMS 0x000000070d800000, 0x000000070d800000| Untracked 
|  93|0x000000070da00000, 0x000000070da00000, 0x000000070dc00000|  0%| F|  |TAMS 0x000000070da00000, 0x000000070da00000| Untracked 
|  94|0x000000070dc00000, 0x000000070dc00000, 0x000000070de00000|  0%| F|  |TAMS 0x000000070dc00000, 0x000000070dc00000| Untracked 
|  95|0x000000070de00000, 0x000000070de00000, 0x000000070e000000|  0%| F|  |TAMS 0x000000070de00000, 0x000000070de00000| Untracked 
|  96|0x000000070e000000, 0x000000070e000000, 0x000000070e200000|  0%| F|  |TAMS 0x000000070e000000, 0x000000070e000000| Untracked 
|  97|0x000000070e200000, 0x000000070e200000, 0x000000070e400000|  0%| F|  |TAMS 0x000000070e200000, 0x000000070e200000| Untracked 
|  98|0x000000070e400000, 0x000000070e400000, 0x000000070e600000|  0%| F|  |TAMS 0x000000070e400000, 0x000000070e400000| Untracked 
|  99|0x000000070e600000, 0x000000070e600000, 0x000000070e800000|  0%| F|  |TAMS 0x000000070e600000, 0x000000070e600000| Untracked 
| 100|0x000000070e800000, 0x000000070e800000, 0x000000070ea00000|  0%| F|  |TAMS 0x000000070e800000, 0x000000070e800000| Untracked 
| 101|0x000000070ea00000, 0x000000070ea00000, 0x000000070ec00000|  0%| F|  |TAMS 0x000000070ea00000, 0x000000070ea00000| Untracked 
| 102|0x000000070ec00000, 0x000000070ec00000, 0x000000070ee00000|  0%| F|  |TAMS 0x000000070ec00000, 0x000000070ec00000| Untracked 
| 103|0x000000070ee00000, 0x000000070ee00000, 0x000000070f000000|  0%| F|  |TAMS 0x000000070ee00000, 0x000000070ee00000| Untracked 
| 104|0x000000070f000000, 0x000000070f000000, 0x000000070f200000|  0%| F|  |TAMS 0x000000070f000000, 0x000000070f000000| Untracked 
| 105|0x000000070f200000, 0x000000070f200000, 0x000000070f400000|  0%| F|  |TAMS 0x000000070f200000, 0x000000070f200000| Untracked 
| 106|0x000000070f400000, 0x000000070f400000, 0x000000070f600000|  0%| F|  |TAMS 0x000000070f400000, 0x000000070f400000| Untracked 
| 107|0x000000070f600000, 0x000000070f600000, 0x000000070f800000|  0%| F|  |TAMS 0x000000070f600000, 0x000000070f600000| Untracked 
| 108|0x000000070f800000, 0x000000070f800000, 0x000000070fa00000|  0%| F|  |TAMS 0x000000070f800000, 0x000000070f800000| Untracked 
| 109|0x000000070fa00000, 0x000000070fa00000, 0x000000070fc00000|  0%| F|  |TAMS 0x000000070fa00000, 0x000000070fa00000| Untracked 
| 110|0x000000070fc00000, 0x000000070fc00000, 0x000000070fe00000|  0%| F|  |TAMS 0x000000070fc00000, 0x000000070fc00000| Untracked 
| 111|0x000000070fe00000, 0x000000070fe00000, 0x0000000710000000|  0%| F|  |TAMS 0x000000070fe00000, 0x000000070fe00000| Untracked 
| 112|0x0000000710000000, 0x0000000710000000, 0x0000000710200000|  0%| F|  |TAMS 0x0000000710000000, 0x0000000710000000| Untracked 
| 113|0x0000000710200000, 0x0000000710200000, 0x0000000710400000|  0%| F|  |TAMS 0x0000000710200000, 0x0000000710200000| Untracked 
| 114|0x0000000710400000, 0x0000000710400000, 0x0000000710600000|  0%| F|  |TAMS 0x0000000710400000, 0x0000000710400000| Untracked 
| 115|0x0000000710600000, 0x0000000710600000, 0x0000000710800000|  0%| F|  |TAMS 0x0000000710600000, 0x0000000710600000| Untracked 
| 116|0x0000000710800000, 0x0000000710800000, 0x0000000710a00000|  0%| F|  |TAMS 0x0000000710800000, 0x0000000710800000| Untracked 
| 117|0x0000000710a00000, 0x0000000710a00000, 0x0000000710c00000|  0%| F|  |TAMS 0x0000000710a00000, 0x0000000710a00000| Untracked 
| 118|0x0000000710c00000, 0x0000000710c00000, 0x0000000710e00000|  0%| F|  |TAMS 0x0000000710c00000, 0x0000000710c00000| Untracked 
| 119|0x0000000710e00000, 0x0000000710e00000, 0x0000000711000000|  0%| F|  |TAMS 0x0000000710e00000, 0x0000000710e00000| Untracked 
| 120|0x0000000711000000, 0x00000007111531c8, 0x0000000711200000| 66%| E|  |TAMS 0x0000000711000000, 0x0000000711000000| Complete 
| 121|0x0000000711200000, 0x0000000711400000, 0x0000000711400000|100%| E|CS|TAMS 0x0000000711200000, 0x0000000711200000| Complete 
| 122|0x0000000711400000, 0x0000000711600000, 0x0000000711600000|100%| E|CS|TAMS 0x0000000711400000, 0x0000000711400000| Complete 
| 123|0x0000000711600000, 0x0000000711800000, 0x0000000711800000|100%| E|CS|TAMS 0x0000000711600000, 0x0000000711600000| Complete 
| 124|0x0000000711800000, 0x0000000711a00000, 0x0000000711a00000|100%| E|CS|TAMS 0x0000000711800000, 0x0000000711800000| Complete 
| 125|0x0000000711a00000, 0x0000000711c00000, 0x0000000711c00000|100%| E|CS|TAMS 0x0000000711a00000, 0x0000000711a00000| Complete 
| 126|0x0000000711c00000, 0x0000000711e00000, 0x0000000711e00000|100%| E|CS|TAMS 0x0000000711c00000, 0x0000000711c00000| Complete 

Card table byte_map: [0x0000020d76770000,0x0000020d76f60000] _byte_map_base: 0x0000020d72f60000

Marking Bits (Prev, Next): (CMBitMap*) 0x0000020d61654dd0, (CMBitMap*) 0x0000020d61654e10
 Prev Bits: [0x0000020d77750000, 0x0000020d7b6d0000)
 Next Bits: [0x0000020d7b6d0000, 0x0000020d7f650000)

Polling page: 0x0000020d61420000

Metaspace:

Usage:
  Non-class:     13.29 MB used.
      Class:      1.54 MB used.
       Both:     14.83 MB used.

Virtual space:
  Non-class space:       16.00 MB reserved,      13.38 MB ( 84%) committed,  2 nodes.
      Class space:        1.00 GB reserved,       1.63 MB ( <1%) committed,  1 nodes.
             Both:        1.02 GB reserved,      15.00 MB (  1%) committed. 

Chunk freelists:
   Non-Class:  2.55 MB
       Class:  2.23 MB
        Both:  4.78 MB

MaxMetaspaceSize: unlimited
CompressedClassSpaceSize: 1.00 GB
Initial GC threshold: 21.00 MB
Current GC threshold: 21.00 MB
CDS: off
MetaspaceReclaimPolicy: balanced
 - commit_granule_bytes: 65536.
 - commit_granule_words: 8192.
 - virtual_space_node_default_size: 1048576.
 - enlarge_chunks_in_place: 1.
 - new_chunks_are_fully_committed: 0.
 - uncommit_free_chunks: 1.
 - use_allocation_guard: 0.
 - handle_deallocations: 1.


Internal statistics:

num_allocs_failed_limit: 0.
num_arena_births: 120.
num_arena_deaths: 0.
num_vsnodes_births: 3.
num_vsnodes_deaths: 0.
num_space_committed: 240.
num_space_uncommitted: 0.
num_chunks_returned_to_freelist: 0.
num_chunks_taken_from_freelist: 243.
num_chunk_merges: 0.
num_chunk_splits: 143.
num_chunks_enlarged: 90.
num_purges: 0.
num_inconsistent_stats: 0.

CodeHeap 'non-profiled nmethods': size=120000Kb used=279Kb max_used=279Kb free=119720Kb
 bounds [0x0000020d6dfd0000, 0x0000020d6e240000, 0x0000020d75500000]
CodeHeap 'profiled nmethods': size=120000Kb used=1514Kb max_used=1514Kb free=118485Kb
 bounds [0x0000020d66500000, 0x0000020d66770000, 0x0000020d6da30000]
CodeHeap 'non-nmethods': size=5760Kb used=1186Kb max_used=1201Kb free=4573Kb
 bounds [0x0000020d6da30000, 0x0000020d6dca0000, 0x0000020d6dfd0000]
 total_blobs=1435 nmethods=957 adapters=391
 compilation: enabled
              stopped_count=0, restarted_count=0
 full_count=0

Compilation events (20 events):
Event: 1.546 Thread 0x0000020d02369ec0 nmethod 947 0x0000020d66678d10 code [0x0000020d66678ec0, 0x0000020d666791c8]
Event: 1.546 Thread 0x0000020d02369ec0  948       3       sun.security.util.math.intpoly.IntegerPolynomial$MutableElement::conditionalSet (26 bytes)
Event: 1.546 Thread 0x0000020d02369ec0 nmethod 948 0x0000020d66679390 code [0x0000020d66679540, 0x0000020d666797a8]
Event: 1.546 Thread 0x0000020d02369ec0  950       3       sun.security.util.math.intpoly.IntegerPolynomialP256::carryReduce (454 bytes)
Event: 1.546 Thread 0x0000020d02369ec0 nmethod 950 0x0000020d66679890 code [0x0000020d66679a40, 0x0000020d66679f38]
Event: 1.546 Thread 0x0000020d02369ec0  951       3       sun.security.util.math.intpoly.IntegerPolynomial$MutableElement::setReduced (5 bytes)
Event: 1.546 Thread 0x0000020d02369ec0 nmethod 951 0x0000020d6667a190 code [0x0000020d6667a340, 0x0000020d6667a5a8]
Event: 1.546 Thread 0x0000020d02369ec0  952       3       sun.security.util.math.intpoly.IntegerPolynomial$MutableElement::setReduced (18 bytes)
Event: 1.547 Thread 0x0000020d0232f9a0  954       4       sun.security.util.math.intpoly.IntegerPolynomialP256::carryReduce0 (451 bytes)
Event: 1.547 Thread 0x0000020d02369ec0 nmethod 952 0x0000020d6667a690 code [0x0000020d6667a840, 0x0000020d6667aa48]
Event: 1.547 Thread 0x0000020d02369ec0  953       3       sun.security.ec.point.ProjectivePoint$Mutable::conditionalSet (29 bytes)
Event: 1.550 Thread 0x0000020d0232f9a0 nmethod 954 0x0000020d6e014090 code [0x0000020d6e014200, 0x0000020d6e0144f8]
Event: 1.550 Thread 0x0000020d0232f9a0  955       4       sun.security.util.math.intpoly.IntegerPolynomial$MutableElement::setSum (84 bytes)
Event: 1.560 Thread 0x0000020d0232f9a0 nmethod 955 0x0000020d6e014690 code [0x0000020d6e014820, 0x0000020d6e014af8]
Event: 1.560 Thread 0x0000020d0232f9a0  960       4       sun.security.util.math.intpoly.IntegerPolynomial::conditionalAssign (46 bytes)
Event: 1.567 Thread 0x0000020d0232f9a0 nmethod 960 0x0000020d6e014d10 code [0x0000020d6e014e80, 0x0000020d6e015098]
Event: 1.567 Thread 0x0000020d0232f9a0  958       4       sun.security.util.math.intpoly.IntegerPolynomial$MutableElement::setDifference (84 bytes)
Event: 1.576 Thread 0x0000020d0232f9a0 nmethod 958 0x0000020d6e015190 code [0x0000020d6e015320, 0x0000020d6e0155d8]
Event: 1.576 Thread 0x0000020d0232f9a0  959       4       sun.security.util.math.intpoly.IntegerPolynomialP256::carryReduce (454 bytes)
Event: 1.579 Thread 0x0000020d0232f9a0 nmethod 959 0x0000020d6e015810 code [0x0000020d6e015980, 0x0000020d6e015c78]

GC Heap History (0 events):
No events

Dll operation events (1 events):
Event: 0.013 Loaded shared library C:\Program Files\JetBrains\WebStorm 2023.1.1\jbr\bin\java.dll

Deoptimization events (20 events):
Event: 0.914 Thread 0x0000020d615e9be0 Uncommon trap: trap_request=0xffffff45 fr.pc=0x0000020d6dfef474 relative=0x0000000000000074
Event: 0.914 Thread 0x0000020d615e9be0 Uncommon trap: reason=unstable_if action=reinterpret pc=0x0000020d6dfef474 method=jdk.internal.misc.Unsafe.convEndian(ZI)I @ 4 c2
Event: 0.914 Thread 0x0000020d615e9be0 DEOPT PACKING pc=0x0000020d6dfef474 sp=0x0000004c699fda20
Event: 0.914 Thread 0x0000020d615e9be0 DEOPT UNPACKING pc=0x0000020d6da869a3 sp=0x0000004c699fd950 mode 2
Event: 0.914 Thread 0x0000020d615e9be0 Uncommon trap: trap_request=0xffffff45 fr.pc=0x0000020d6dff0cb8 relative=0x0000000000000038
Event: 0.914 Thread 0x0000020d615e9be0 Uncommon trap: reason=unstable_if action=reinterpret pc=0x0000020d6dff0cb8 method=jdk.internal.misc.Unsafe.convEndian(ZI)I @ 4 c2
Event: 0.914 Thread 0x0000020d615e9be0 DEOPT PACKING pc=0x0000020d6dff0cb8 sp=0x0000004c699fd9c0
Event: 0.914 Thread 0x0000020d615e9be0 DEOPT UNPACKING pc=0x0000020d6da869a3 sp=0x0000004c699fd958 mode 2
Event: 1.152 Thread 0x0000020d615e9be0 DEOPT PACKING pc=0x0000020d66517b67 sp=0x0000004c699fe2c0
Event: 1.152 Thread 0x0000020d615e9be0 DEOPT UNPACKING pc=0x0000020d6da87143 sp=0x0000004c699fd6e0 mode 0
Event: 1.184 Thread 0x0000020d615e9be0 Uncommon trap: trap_request=0xffffff45 fr.pc=0x0000020d6dfeda34 relative=0x0000000000000414
Event: 1.184 Thread 0x0000020d615e9be0 Uncommon trap: reason=unstable_if action=reinterpret pc=0x0000020d6dfeda34 method=java.lang.StringLatin1.newString([BII)Ljava/lang/String; @ 1 c2
Event: 1.184 Thread 0x0000020d615e9be0 DEOPT PACKING pc=0x0000020d6dfeda34 sp=0x0000004c699fe220
Event: 1.184 Thread 0x0000020d615e9be0 DEOPT UNPACKING pc=0x0000020d6da869a3 sp=0x0000004c699fe1e8 mode 2
Event: 1.256 Thread 0x0000020d615e9be0 DEOPT PACKING pc=0x0000020d665143d1 sp=0x0000004c699f84f0
Event: 1.256 Thread 0x0000020d615e9be0 DEOPT UNPACKING pc=0x0000020d6da87143 sp=0x0000004c699f7968 mode 0
Event: 1.368 Thread 0x0000020d032af000 Uncommon trap: trap_request=0xffffff45 fr.pc=0x0000020d6dff02fc relative=0x00000000000001bc
Event: 1.368 Thread 0x0000020d032af000 Uncommon trap: reason=unstable_if action=reinterpret pc=0x0000020d6dff02fc method=java.lang.invoke.VarHandle.checkExactAccessMode(Ljava/lang/invoke/VarHandle$AccessDescriptor;)V @ 4 c2
Event: 1.368 Thread 0x0000020d032af000 DEOPT PACKING pc=0x0000020d6dff02fc sp=0x0000004c6acff440
Event: 1.368 Thread 0x0000020d032af000 DEOPT UNPACKING pc=0x0000020d6da869a3 sp=0x0000004c6acff380 mode 2

Classes unloaded (0 events):
No events

Classes redefined (0 events):
No events

Internal exceptions (20 events):
Event: 0.605 Thread 0x0000020d615e9be0 Exception <a 'java/lang/NoSuchMethodError'{0x0000000711b78338}: 'void java.lang.invoke.DirectMethodHandle$Holder.invokeStaticInit(java.lang.Object, java.lang.Object)'> (0x0000000711b78338) 
thrown [s\src\hotspot\share\interpreter\linkResolver.cpp, line 771]
Event: 0.613 Thread 0x0000020d615e9be0 Exception <a 'java/lang/NoSuchMethodError'{0x0000000711b7ebb0}: 'int java.lang.invoke.DirectMethodHandle$Holder.invokeStaticInit(java.lang.Object, java.lang.Object)'> (0x0000000711b7ebb0) 
thrown [s\src\hotspot\share\interpreter\linkResolver.cpp, line 771]
Event: 0.734 Thread 0x0000020d615e9be0 Exception <a 'java/lang/NoSuchMethodError'{0x0000000711865038}: 'java.lang.Object java.lang.invoke.DirectMethodHandle$Holder.invokeStaticInit(java.lang.Object, int, int, int, int)'> (0x0000000711865038) 
thrown [s\src\hotspot\share\interpreter\linkResolver.cpp, line 771]
Event: 0.903 Thread 0x0000020d615e9be0 Exception <a 'java/lang/NoSuchMethodError'{0x000000071192fad8}: 'java.lang.Object java.lang.invoke.DirectMethodHandle$Holder.invokeStaticInit(java.lang.Object, java.lang.Object, int, int, int, int)'> (0x000000071192fad8) 
thrown [s\src\hotspot\share\interpreter\linkResolver.cpp, line 771]
Event: 0.933 Thread 0x0000020d615e9be0 Exception <a 'java/lang/NoSuchMethodError'{0x0000000711998538}: 'java.lang.Object java.lang.invoke.DirectMethodHandle$Holder.invokeStatic(java.lang.Object, java.lang.Object, int)'> (0x0000000711998538) 
thrown [s\src\hotspot\share\interpreter\linkResolver.cpp, line 771]
Event: 0.933 Thread 0x0000020d615e9be0 Exception <a 'java/lang/NoSuchMethodError'{0x000000071199bcb0}: 'java.lang.Object java.lang.invoke.DirectMethodHandle$Holder.invokeStaticInit(java.lang.Object, java.lang.Object, int)'> (0x000000071199bcb0) 
thrown [s\src\hotspot\share\interpreter\linkResolver.cpp, line 771]
Event: 0.935 Thread 0x0000020d615e9be0 Exception <a 'java/lang/NoSuchMethodError'{0x00000007119a2060}: 'java.lang.Object java.lang.invoke.DirectMethodHandle$Holder.newInvokeSpecial(java.lang.Object, java.lang.Object, int)'> (0x00000007119a2060) 
thrown [s\src\hotspot\share\interpreter\linkResolver.cpp, line 771]
Event: 0.940 Thread 0x0000020d615e9be0 Exception <a 'java/lang/NoSuchMethodError'{0x00000007119b1770}: 'int java.lang.invoke.DirectMethodHandle$Holder.invokeStaticInit(java.lang.Object, java.lang.Object, java.lang.Object)'> (0x00000007119b1770) 
thrown [s\src\hotspot\share\interpreter\linkResolver.cpp, line 771]
Event: 0.948 Thread 0x0000020d615e9be0 Exception <a 'java/lang/NoSuchMethodError'{0x00000007119c1950}: 'int java.lang.invoke.DirectMethodHandle$Holder.invokeSpecial(java.lang.Object, java.lang.Object, java.lang.Object)'> (0x00000007119c1950) 
thrown [s\src\hotspot\share\interpreter\linkResolver.cpp, line 771]
Event: 0.951 Thread 0x0000020d615e9be0 Exception <a 'java/lang/NoSuchMethodError'{0x00000007119c9d30}: 'int java.lang.invoke.DirectMethodHandle$Holder.invokeSpecialIFC(java.lang.Object, java.lang.Object, java.lang.Object)'> (0x00000007119c9d30) 
thrown [s\src\hotspot\share\interpreter\linkResolver.cpp, line 771]
Event: 1.039 Thread 0x0000020d615e9be0 Exception <a 'java/lang/NoSuchMethodError'{0x00000007116564c8}: 'java.lang.Object java.lang.invoke.DirectMethodHandle$Holder.invokeStaticInit(java.lang.Object)'> (0x00000007116564c8) 
thrown [s\src\hotspot\share\interpreter\linkResolver.cpp, line 771]
Event: 1.211 Thread 0x0000020d615e9be0 Exception <a 'java/lang/NoSuchMethodError'{0x00000007117c0698}: 'java.lang.Object java.lang.invoke.DirectMethodHandle$Holder.newInvokeSpecial(java.lang.Object, java.lang.Object, java.lang.Object, java.lang.Object, java.lang.Object)'> (0x00000007117c0698) 
thrown [s\src\hotspot\share\interpreter\linkResolver.cpp, line 771]
Event: 1.291 Thread 0x0000020d615e9be0 Exception <a 'java/lang/NoSuchMethodError'{0x00000007115855d8}: 'java.lang.Object java.lang.invoke.DirectMethodHandle$Holder.invokeSpecial(java.lang.Object, java.lang.Object, java.lang.Object, java.lang.Object, int)'> (0x00000007115855d8) 
thrown [s\src\hotspot\share\interpreter\linkResolver.cpp, line 771]
Event: 1.292 Thread 0x0000020d615e9be0 Exception <a 'java/lang/NoSuchMethodError'{0x00000007115891a0}: 'java.lang.Object java.lang.invoke.Invokers$Holder.linkToTargetMethod(java.lang.Object, java.lang.Object, int, java.lang.Object)'> (0x00000007115891a0) 
thrown [s\src\hotspot\share\interpreter\linkResolver.cpp, line 771]
Event: 1.317 Thread 0x0000020d615e9be0 Exception <a 'java/lang/NoSuchMethodError'{0x00000007115e91a8}: 'void java.lang.invoke.DirectMethodHandle$Holder.invokeSpecial(java.lang.Object, java.lang.Object, java.lang.Object)'> (0x00000007115e91a8) 
thrown [s\src\hotspot\share\interpreter\linkResolver.cpp, line 771]
Event: 1.371 Thread 0x0000020d032af000 Exception <a 'java/lang/NoSuchMethodError'{0x00000007117ea0c8}: 'void java.lang.invoke.DirectMethodHandle$Holder.invokeStatic(java.lang.Object, java.lang.Object, int)'> (0x00000007117ea0c8) 
thrown [s\src\hotspot\share\interpreter\linkResolver.cpp, line 771]
Event: 1.376 Thread 0x0000020d615e9be0 Exception <a 'java/lang/NoSuchMethodError'{0x0000000711270f28}: 'void java.lang.invoke.DirectMethodHandle$Holder.invokeSpecial(java.lang.Object, java.lang.Object, java.lang.Object, java.lang.Object, java.lang.Object)'> (0x0000000711270f28) 
thrown [s\src\hotspot\share\interpreter\linkResolver.cpp, line 771]
Event: 1.405 Thread 0x0000020d032e9450 Exception <a 'java/lang/NoSuchMethodError'{0x00000007113792d0}: 'void java.lang.invoke.DirectMethodHandle$Holder.invokeInterface(java.lang.Object, java.lang.Object, java.lang.Object)'> (0x00000007113792d0) 
thrown [s\src\hotspot\share\interpreter\linkResolver.cpp, line 771]
Event: 1.415 Thread 0x0000020d032e9450 Exception <a 'java/lang/NoSuchMethodError'{0x000000071138f7b8}: 'int java.lang.invoke.DirectMethodHandle$Holder.invokeStaticInit(java.lang.Object, int, int)'> (0x000000071138f7b8) 
thrown [s\src\hotspot\share\interpreter\linkResolver.cpp, line 771]
Event: 1.440 Thread 0x0000020d032e9450 Exception <a 'java/lang/NoSuchMethodError'{0x00000007113d24d8}: 'void java.lang.invoke.DirectMethodHandle$Holder.invokeVirtual(java.lang.Object, java.lang.Object)'> (0x00000007113d24d8) 
thrown [s\src\hotspot\share\interpreter\linkResolver.cpp, line 771]

VM Operations (8 events):
Event: 0.239 Executing VM operation: HandshakeAllThreads
Event: 0.239 Executing VM operation: HandshakeAllThreads done
Event: 0.271 Executing VM operation: HandshakeAllThreads
Event: 0.271 Executing VM operation: HandshakeAllThreads done
Event: 0.774 Executing VM operation: HandshakeAllThreads
Event: 0.774 Executing VM operation: HandshakeAllThreads done
Event: 1.048 Executing VM operation: HandshakeAllThreads
Event: 1.048 Executing VM operation: HandshakeAllThreads done

Events (20 events):
Event: 1.533 loading class sun/security/util/DerInputStream
Event: 1.533 loading class sun/security/util/DerInputStream done
Event: 1.533 loading class sun/security/ssl/XDHKeyExchange$1
Event: 1.533 loading class sun/security/ssl/XDHKeyExchange$1 done
Event: 1.533 loading class sun/security/ssl/KeyShareExtension$KeyShareEntry
Event: 1.533 loading class sun/security/ssl/KeyShareExtension$KeyShareEntry done
Event: 1.533 loading class sun/security/ssl/ECDHKeyExchange$ECDHEPossession
Event: 1.534 loading class sun/security/ssl/ECDHKeyExchange$ECDHEPossession done
Event: 1.535 loading class sun/security/util/math/intpoly/IntegerPolynomialP256
Event: 1.536 loading class sun/security/util/math/intpoly/IntegerPolynomialP256 done
Event: 1.536 loading class sun/security/util/math/intpoly/IntegerPolynomialP384
Event: 1.536 loading class sun/security/util/math/intpoly/IntegerPolynomialP384 done
Event: 1.536 loading class sun/security/util/math/intpoly/IntegerPolynomialP521
Event: 1.537 loading class sun/security/util/math/intpoly/IntegerPolynomialP521 done
Event: 1.537 loading class sun/security/util/math/intpoly/P256OrderField
Event: 1.537 loading class sun/security/util/math/intpoly/P256OrderField done
Event: 1.538 loading class sun/security/util/math/intpoly/P384OrderField
Event: 1.538 loading class sun/security/util/math/intpoly/P384OrderField done
Event: 1.538 loading class sun/security/util/math/intpoly/P521OrderField
Event: 1.539 loading class sun/security/util/math/intpoly/P521OrderField done


Dynamic libraries:
0x00007ff6697e0000 - 0x00007ff6697ea000 	C:\Program Files\JetBrains\WebStorm 2023.1.1\jbr\bin\java.exe
0x00007ffcf5e10000 - 0x00007ffcf5ffd000 	C:\Windows\SYSTEM32\ntdll.dll
0x00007ffcf37b0000 - 0x00007ffcf3863000 	C:\Windows\System32\KERNEL32.DLL
0x00007ffcf21d0000 - 0x00007ffcf2465000 	C:\Windows\System32\KERNELBASE.dll
0x00007ffcf0020000 - 0x00007ffcf00ac000 	C:\Windows\SYSTEM32\apphelp.dll
0x00007ffcf2ec0000 - 0x00007ffcf2fba000 	C:\Windows\System32\ucrtbase.dll
0x00007ffcd3190000 - 0x00007ffcd31a7000 	C:\Program Files\JetBrains\WebStorm 2023.1.1\jbr\bin\jli.dll
0x00007ffcae190000 - 0x00007ffcae1ab000 	C:\Program Files\JetBrains\WebStorm 2023.1.1\jbr\bin\VCRUNTIME140.dll
0x00007ffcf35b0000 - 0x00007ffcf3748000 	C:\Windows\System32\USER32.dll
0x00007ffcf2110000 - 0x00007ffcf2130000 	C:\Windows\System32\win32u.dll
0x00007ffcdc640000 - 0x00007ffcdc8b9000 	C:\Windows\WinSxS\amd64_microsoft.windows.common-controls_6595b64144ccf1df_6.0.17763.2061_none_de73cf545348ec45\COMCTL32.dll
0x00007ffcf5040000 - 0x00007ffcf5069000 	C:\Windows\System32\GDI32.dll
0x00007ffcf3910000 - 0x00007ffcf39ae000 	C:\Windows\System32\msvcrt.dll
0x00007ffcf2c70000 - 0x00007ffcf2e0c000 	C:\Windows\System32\gdi32full.dll
0x00007ffcf2130000 - 0x00007ffcf21d0000 	C:\Windows\System32\msvcp_win.dll
0x00007ffcf5ae0000 - 0x00007ffcf5e0d000 	C:\Windows\System32\combase.dll
0x00007ffcf30d0000 - 0x00007ffcf31ef000 	C:\Windows\System32\RPCRT4.dll
0x00007ffcf2470000 - 0x00007ffcf24f2000 	C:\Windows\System32\bcryptPrimitives.dll
0x00007ffcf3580000 - 0x00007ffcf35ae000 	C:\Windows\System32\IMM32.DLL
0x000000005da50000 - 0x000000005da5c000 	C:\Program Files (x86)\360\Total Security\safemon\SafeWrapper.dll
0x00007ffcf3360000 - 0x00007ffcf3404000 	C:\Windows\System32\ADVAPI32.dll
0x00007ffcf5800000 - 0x00007ffcf589e000 	C:\Windows\System32\sechost.dll
0x00007ffc9c880000 - 0x00007ffc9c912000 	C:\Program Files (x86)\360\Total Security\safemon\libzdtp64.dll
0x00007ffcf3ae0000 - 0x00007ffcf4fd9000 	C:\Windows\System32\SHELL32.dll
0x00007ffcf3020000 - 0x00007ffcf306a000 	C:\Windows\System32\cfgmgr32.dll
0x00007ffcf3a20000 - 0x00007ffcf3ac8000 	C:\Windows\System32\shcore.dll
0x00007ffcf2520000 - 0x00007ffcf2c6b000 	C:\Windows\System32\windows.storage.dll
0x00007ffcf1ec0000 - 0x00007ffcf1ee4000 	C:\Windows\System32\profapi.dll
0x00007ffcf1e20000 - 0x00007ffcf1e7d000 	C:\Windows\System32\powrprof.dll
0x00007ffcf58a0000 - 0x00007ffcf58f2000 	C:\Windows\System32\shlwapi.dll
0x00007ffcf1e80000 - 0x00007ffcf1e91000 	C:\Windows\System32\kernel.appcore.dll
0x00007ffcf2500000 - 0x00007ffcf2517000 	C:\Windows\System32\cryptsp.dll
0x00007ffcf1910000 - 0x00007ffcf191a000 	C:\Windows\SYSTEM32\VERSION.dll
0x00007ffce5a60000 - 0x00007ffce5a6c000 	C:\Program Files\JetBrains\WebStorm 2023.1.1\jbr\bin\vcruntime140_1.dll
0x00007ffc9c7f0000 - 0x00007ffc9c87d000 	C:\Program Files\JetBrains\WebStorm 2023.1.1\jbr\bin\msvcp140.dll
0x00007ffca07d0000 - 0x00007ffca143e000 	C:\Program Files\JetBrains\WebStorm 2023.1.1\jbr\bin\server\jvm.dll
0x00007ffcefef0000 - 0x00007ffceff14000 	C:\Windows\SYSTEM32\WINMM.dll
0x00007ffcd6e60000 - 0x00007ffcd6e69000 	C:\Windows\SYSTEM32\WSOCK32.dll
0x00007ffcf39b0000 - 0x00007ffcf3a1d000 	C:\Windows\System32\WS2_32.dll
0x00007ffcefe80000 - 0x00007ffcefead000 	C:\Windows\SYSTEM32\winmmbase.dll
0x00007ffcd4cb0000 - 0x00007ffcd4cba000 	C:\Program Files\JetBrains\WebStorm 2023.1.1\jbr\bin\jimage.dll
0x00007ffcddab0000 - 0x00007ffcddc9d000 	C:\Windows\SYSTEM32\DBGHELP.DLL
0x00007ffcd3310000 - 0x00007ffcd333a000 	C:\Windows\SYSTEM32\dbgcore.DLL
0x00007ffcd3160000 - 0x00007ffcd3185000 	C:\Program Files\JetBrains\WebStorm 2023.1.1\jbr\bin\java.dll
0x00007ffcc92e0000 - 0x00007ffcc92f8000 	C:\Program Files\JetBrains\WebStorm 2023.1.1\jbr\bin\zip.dll
0x00007ffcc7870000 - 0x00007ffcc7889000 	C:\Program Files\JetBrains\WebStorm 2023.1.1\jbr\bin\net.dll
0x00007ffce8010000 - 0x00007ffce8101000 	C:\Windows\SYSTEM32\WINHTTP.dll
0x00007ffcf1580000 - 0x00007ffcf15e7000 	C:\Windows\system32\mswsock.dll
0x00007ffca84b0000 - 0x00007ffca84c6000 	C:\Program Files\JetBrains\WebStorm 2023.1.1\jbr\bin\nio.dll
0x00007ffcc8e00000 - 0x00007ffcc8e0e000 	C:\Program Files\JetBrains\WebStorm 2023.1.1\jbr\bin\sunmscapi.dll
0x00007ffcf1ef0000 - 0x00007ffcf20d3000 	C:\Windows\System32\CRYPT32.dll
0x00007ffcf1ea0000 - 0x00007ffcf1eb2000 	C:\Windows\System32\MSASN1.dll
0x00007ffcf18e0000 - 0x00007ffcf1906000 	C:\Windows\SYSTEM32\ncrypt.dll
0x00007ffcf20e0000 - 0x00007ffcf2106000 	C:\Windows\System32\bcrypt.dll
0x00007ffcf1890000 - 0x00007ffcf18cc000 	C:\Windows\SYSTEM32\NTASN1.dll
0x00007ffcf1110000 - 0x00007ffcf1143000 	C:\Windows\system32\rsaenh.dll
0x00007ffcf1d50000 - 0x00007ffcf1d79000 	C:\Windows\SYSTEM32\USERENV.dll
0x00007ffcf1750000 - 0x00007ffcf175c000 	C:\Windows\SYSTEM32\CRYPTBASE.dll
0x00007ffcf12a0000 - 0x00007ffcf12dd000 	C:\Windows\SYSTEM32\IPHLPAPI.DLL
0x00007ffcf50f0000 - 0x00007ffcf50f8000 	C:\Windows\System32\NSI.dll
0x00007ffceae80000 - 0x00007ffceae96000 	C:\Windows\SYSTEM32\dhcpcsvc6.DLL
0x00007ffceb0f0000 - 0x00007ffceb10c000 	C:\Windows\SYSTEM32\dhcpcsvc.DLL
0x00007ffcf12e0000 - 0x00007ffcf13a6000 	C:\Windows\SYSTEM32\DNSAPI.dll
0x00007ffca52e0000 - 0x00007ffca52e7000 	C:\Windows\system32\wshunix.dll

dbghelp: loaded successfully - version: 4.0.5 - missing functions: none
symbol engine: initialized successfully - sym options: 0x614 - pdb path: .;C:\Program Files\JetBrains\WebStorm 2023.1.1\jbr\bin;C:\Windows\SYSTEM32;C:\Windows\WinSxS\amd64_microsoft.windows.common-controls_6595b64144ccf1df_6.0.17763.2061_none_de73cf545348ec45;C:\Program Files (x86)\360\Total Security\safemon;C:\Program Files\JetBrains\WebStorm 2023.1.1\jbr\bin\server

VM Arguments:
java_command: git4idea.http.GitAskPassApp Username for 'https://github.com': 
java_class_path (initial): C:/Program Files/JetBrains/WebStorm 2023.1.1/plugins/vcs-git/lib/git4idea-rt.jar;C:/Program Files/JetBrains/WebStorm 2023.1.1/lib/externalProcess-rt.jar
Launcher Type: SUN_STANDARD

[Global flags]
     intx CICompilerCount                          = 4                                         {product} {ergonomic}
     uint ConcGCThreads                            = 2                                         {product} {ergonomic}
     uint G1ConcRefinementThreads                  = 8                                         {product} {ergonomic}
   size_t G1HeapRegionSize                         = 2097152                                   {product} {ergonomic}
    uintx GCDrainStackTargetSize                   = 64                                        {product} {ergonomic}
   size_t InitialHeapSize                          = 266338304                                 {product} {ergonomic}
   size_t MarkStackSize                            = 4194304                                   {product} {ergonomic}
   size_t MaxHeapSize                              = 4261412864                                {product} {ergonomic}
   size_t MaxNewSize                               = 2556428288                                {product} {ergonomic}
   size_t MinHeapDeltaBytes                        = 2097152                                   {product} {ergonomic}
   size_t MinHeapSize                              = 8388608                                   {product} {ergonomic}
    uintx NonNMethodCodeHeapSize                   = 5839372                                {pd product} {ergonomic}
    uintx NonProfiledCodeHeapSize                  = 122909434                              {pd product} {ergonomic}
    uintx ProfiledCodeHeapSize                     = 122909434                              {pd product} {ergonomic}
    uintx ReservedCodeCacheSize                    = 251658240                              {pd product} {ergonomic}
     bool SegmentedCodeCache                       = true                                      {product} {ergonomic}
   size_t SoftMaxHeapSize                          = 4261412864                             {manageable} {ergonomic}
     bool UseCompressedClassPointers               = true                           {product lp64_product} {ergonomic}
     bool UseCompressedOops                        = true                           {product lp64_product} {ergonomic}
     bool UseG1GC                                  = true                                      {product} {ergonomic}
     bool UseLargePagesIndividualAllocation        = false                                  {pd product} {ergonomic}

Logging:
Log output configuration:
 #0: stdout all=warning uptime,level,tags
 #1: stderr all=off uptime,level,tags

Environment Variables:
PATH=C:/Program Files/Git/mingw64/libexec/git-core;C:/Program Files/Git/mingw64/libexec/git-core;C:\Program Files\Git\mingw64\bin;C:\Program Files\Git\usr\bin;C:\Users\Alina\bin;C:\Windows\system32;C:\Windows;C:\Windows\System32\Wbem;C:\Windows\System32\WindowsPowerShell\v1.0\;C:\Program Files (x86)\NVIDIA Corporation\PhysX\Common;C:\Program Files\NVIDIA Corporation\NVIDIA NvDLISR;C:\Program Files\Git\cmd;C:\Program Files\nodejs\;C:\Users\Alina\AppData\Local\Microsoft\WindowsApps;C:\Users\Alina\AppData\Local\Programs\Microsoft VS Code\bin;C:\Program Files\nodejs;C:\Users\Alina\AppData\Roaming\npm
USERNAME=Alina
DISPLAY=:0.0
LC_ALL=en_US.UTF-8
TERM=xterm-256color
TMPDIR=C:\Temp
OS=Windows_NT
PROCESSOR_IDENTIFIER=Intel64 Family 6 Model 142 Stepping 10, GenuineIntel
TMP=C:\Temp
TEMP=C:\Temp


JNI global refs:
JNI global refs: 21, weak refs: 1

JNI global refs memory usage: 843, weak refs: 841


---------------  S Y S T E M  ---------------

OS:
 Windows 10 , 64 bit Build 17763 (10.0.17763.2028)
OS uptime: 6 days 20:19 hours

CPU: total 8 (initial active 8) (4 cores per cpu, 2 threads per core) family 6 model 142 stepping 10 microcode 0x96, cx8, cmov, fxsr, ht, mmx, 3dnowpref, sse, sse2, sse3, ssse3, sse4.1, sse4.2, popcnt, lzcnt, tsc, tscinvbit, avx, avx2, aes, erms, clmul, bmi1, bmi2, adx, fma, vzeroupper, clflush, clflushopt

Memory: 4k page, system-wide physical 16250M (2071M free)
TotalPageFile size 18298M (AvailPageFile size 332M)
current process WorkingSet (physical memory assigned to process): 65M, peak: 65M
current process commit charge ("private bytes"): 350M, peak: 350M

vm_info: OpenJDK 64-Bit Server VM (17.0.6+10-b829.9) for windows-amd64 JRE (17.0.6+10-b829.9), built on 2023-04-09 by "builduser" with MS VC++ 16.10 / 16.11 (VS2019)

END.
